[GIN-debug] [WARNING] Creating an Engine instance with the Logger and Recovery middleware already attached.

[GIN-debug] [WARNING] Running in "debug" mode. Switch to "release" mode in production.
 - using env:	export GIN_MODE=release
 - using code:	gin.SetMode(gin.ReleaseMode)

[GIN-debug] POST   /api/auth/login           --> github.com/nowen-video/nowen-video/internal/handler.(*AuthHandler).Login-fm (6 handlers)
[GIN-debug] GET    /api/auth/status          --> github.com/nowen-video/nowen-video/internal/handler.(*AuthHandler).Status-fm (6 handlers)
[GIN-debug] POST   /api/auth/register        --> github.com/nowen-video/nowen-video/internal/handler.(*AuthHandler).Register-fm (7 handlers)
[GIN-debug] POST   /api/auth/refresh         --> github.com/nowen-video/nowen-video/internal/handler.(*AuthHandler).RefreshToken-fm (7 handlers)
[GIN-debug] GET    /manifest.json            --> main.main.func1 (6 handlers)
[GIN-debug] GET    /sw.js                    --> main.main.func2 (6 handlers)
[GIN-debug] GET    /api/ws                   --> github.com/nowen-video/nowen-video/internal/handler.(*WSHandler).HandleWebSocket-fm (7 handlers)
[GIN-debug] GET    /api/libraries            --> github.com/nowen-video/nowen-video/internal/handler.(*LibraryHandler).List-fm (7 handlers)
[GIN-debug] POST   /api/libraries            --> github.com/nowen-video/nowen-video/internal/handler.(*LibraryHandler).Create-fm (8 handlers)
[GIN-debug] PUT    /api/libraries/:id        --> github.com/nowen-video/nowen-video/internal/handler.(*LibraryHandler).Update-fm (8 handlers)
[GIN-debug] POST   /api/libraries/:id/scan   --> github.com/nowen-video/nowen-video/internal/handler.(*LibraryHandler).Scan-fm (8 handlers)
[GIN-debug] POST   /api/libraries/:id/reindex --> github.com/nowen-video/nowen-video/internal/handler.(*LibraryHandler).Reindex-fm (8 handlers)
[GIN-debug] DELETE /api/libraries/:id        --> github.com/nowen-video/nowen-video/internal/handler.(*LibraryHandler).Delete-fm (8 handlers)
[GIN-debug] GET    /api/media                --> github.com/nowen-video/nowen-video/internal/handler.(*MediaHandler).List-fm (7 handlers)
[GIN-debug] GET    /api/media/:id            --> github.com/nowen-video/nowen-video/internal/handler.(*MediaHandler).Detail-fm (7 handlers)
[GIN-debug] GET    /api/media/:id/enhanced   --> github.com/nowen-video/nowen-video/internal/handler.(*MediaHandler).DetailEnhanced-fm (7 handlers)
[GIN-debug] GET    /api/media/recent         --> github.com/nowen-video/nowen-video/internal/handler.(*MediaHandler).Recent-fm (7 handlers)
[GIN-debug] GET    /api/media/recent/aggregated --> github.com/nowen-video/nowen-video/internal/handler.(*MediaHandler).RecentAggregated-fm (7 handlers)
[GIN-debug] GET    /api/media/recent/mixed   --> github.com/nowen-video/nowen-video/internal/handler.(*MediaHandler).RecentMixed-fm (7 handlers)
[GIN-debug] GET    /api/media/aggregated     --> github.com/nowen-video/nowen-video/internal/handler.(*MediaHandler).ListAggregated-fm (7 handlers)
[GIN-debug] GET    /api/media/mixed          --> github.com/nowen-video/nowen-video/internal/handler.(*MediaHandler).ListMixed-fm (7 handlers)
[GIN-debug] GET    /api/media/continue       --> github.com/nowen-video/nowen-video/internal/handler.(*MediaHandler).Continue-fm (7 handlers)
[GIN-debug] GET    /api/series               --> github.com/nowen-video/nowen-video/internal/handler.(*SeriesHandler).List-fm (7 handlers)
[GIN-debug] GET    /api/series/:id           --> github.com/nowen-video/nowen-video/internal/handler.(*SeriesHandler).Detail-fm (7 handlers)
[GIN-debug] GET    /api/series/:id/seasons   --> github.com/nowen-video/nowen-video/internal/handler.(*SeriesHandler).Seasons-fm (7 handlers)
[GIN-debug] GET    /api/series/:id/seasons/:season --> github.com/nowen-video/nowen-video/internal/handler.(*SeriesHandler).SeasonEpisodes-fm (7 handlers)
[GIN-debug] GET    /api/series/:id/next      --> github.com/nowen-video/nowen-video/internal/handler.(*SeriesHandler).NextEpisode-fm (7 handlers)
[GIN-debug] GET    /api/stream/:id/info      --> github.com/nowen-video/nowen-video/internal/handler.(*StreamHandler).MediaInfo-fm (7 handlers)
[GIN-debug] GET    /api/stream/:id/direct    --> github.com/nowen-video/nowen-video/internal/handler.(*StreamHandler).Direct-fm (7 handlers)
[GIN-debug] GET    /api/stream/:id/master.m3u8 --> github.com/nowen-video/nowen-video/internal/handler.(*StreamHandler).Master-fm (7 handlers)
[GIN-debug] GET    /api/stream/:id/:quality/:segment --> github.com/nowen-video/nowen-video/internal/handler.(*StreamHandler).Segment-fm (7 handlers)
[GIN-debug] GET    /api/media/:id/poster     --> github.com/nowen-video/nowen-video/internal/handler.(*StreamHandler).Poster-fm (7 handlers)
[GIN-debug] GET    /api/series/:id/poster    --> github.com/nowen-video/nowen-video/internal/handler.(*SeriesHandler).Poster-fm (7 handlers)
[GIN-debug] GET    /api/series/:id/backdrop  --> github.com/nowen-video/nowen-video/internal/handler.(*SeriesHandler).Backdrop-fm (7 handlers)
[GIN-debug] GET    /api/media/:id/persons    --> github.com/nowen-video/nowen-video/internal/handler.(*MediaHandler).GetPersons-fm (7 handlers)
[GIN-debug] GET    /api/subtitle/:id/tracks  --> github.com/nowen-video/nowen-video/internal/handler.(*SubtitleHandler).ListTracks-fm (7 handlers)
[GIN-debug] GET    /api/subtitle/:id/extract/:index --> github.com/nowen-video/nowen-video/internal/handler.(*SubtitleHandler).ExtractTrack-fm (7 handlers)
[GIN-debug] GET    /api/subtitle/external    --> github.com/nowen-video/nowen-video/internal/handler.(*SubtitleHandler).ServeExternal-fm (7 handlers)
[GIN-debug] GET    /api/subtitle/:id/search  --> github.com/nowen-video/nowen-video/internal/handler.(*SubtitleSearchHandler).SearchSubtitles-fm (7 handlers)
[GIN-debug] POST   /api/subtitle/:id/download --> github.com/nowen-video/nowen-video/internal/handler.(*SubtitleSearchHandler).DownloadSubtitle-fm (7 handlers)
[GIN-debug] POST   /api/media/:id/scrape     --> github.com/nowen-video/nowen-video/internal/handler.(*MetadataHandler).ScrapeMedia-fm (8 handlers)
[GIN-debug] GET    /api/users/me             --> github.com/nowen-video/nowen-video/internal/handler.(*UserHandler).Profile-fm (7 handlers)
[GIN-debug] PUT    /api/users/me/progress/:mediaId --> github.com/nowen-video/nowen-video/internal/handler.(*UserHandler).UpdateProgress-fm (7 handlers)
[GIN-debug] GET    /api/users/me/favorites   --> github.com/nowen-video/nowen-video/internal/handler.(*UserHandler).Favorites-fm (7 handlers)
[GIN-debug] POST   /api/users/me/favorites/:mediaId --> github.com/nowen-video/nowen-video/internal/handler.(*UserHandler).AddFavorite-fm (7 handlers)
[GIN-debug] DELETE /api/users/me/favorites/:mediaId --> github.com/nowen-video/nowen-video/internal/handler.(*UserHandler).RemoveFavorite-fm (7 handlers)
[GIN-debug] GET    /api/users/me/favorites/:mediaId/check --> github.com/nowen-video/nowen-video/internal/handler.(*UserHandler).CheckFavorite-fm (7 handlers)
[GIN-debug] GET    /api/users/me/progress/:mediaId --> github.com/nowen-video/nowen-video/internal/handler.(*UserHandler).GetProgress-fm (7 handlers)
[GIN-debug] GET    /api/users/me/history     --> github.com/nowen-video/nowen-video/internal/handler.(*UserHandler).History-fm (7 handlers)
[GIN-debug] DELETE /api/users/me/history/:mediaId --> github.com/nowen-video/nowen-video/internal/handler.(*UserHandler).DeleteHistory-fm (7 handlers)
[GIN-debug] DELETE /api/users/me/history     --> github.com/nowen-video/nowen-video/internal/handler.(*UserHandler).ClearHistory-fm (7 handlers)
[GIN-debug] GET    /api/playlists            --> github.com/nowen-video/nowen-video/internal/handler.(*PlaylistHandler).List-fm (7 handlers)
[GIN-debug] POST   /api/playlists            --> github.com/nowen-video/nowen-video/internal/handler.(*PlaylistHandler).Create-fm (7 handlers)
[GIN-debug] GET    /api/playlists/:id        --> github.com/nowen-video/nowen-video/internal/handler.(*PlaylistHandler).Detail-fm (7 handlers)
[GIN-debug] DELETE /api/playlists/:id        --> github.com/nowen-video/nowen-video/internal/handler.(*PlaylistHandler).Delete-fm (7 handlers)
[GIN-debug] POST   /api/playlists/:id/items/:mediaId --> github.com/nowen-video/nowen-video/internal/handler.(*PlaylistHandler).AddItem-fm (7 handlers)
[GIN-debug] DELETE /api/playlists/:id/items/:mediaId --> github.com/nowen-video/nowen-video/internal/handler.(*PlaylistHandler).RemoveItem-fm (7 handlers)
[GIN-debug] GET    /api/search               --> github.com/nowen-video/nowen-video/internal/handler.(*MediaHandler).Search-fm (7 handlers)
[GIN-debug] GET    /api/search/advanced      --> github.com/nowen-video/nowen-video/internal/handler.(*MediaHandler).SearchAdvanced-fm (7 handlers)
[GIN-debug] GET    /api/search/mixed         --> github.com/nowen-video/nowen-video/internal/handler.(*MediaHandler).SearchMixed-fm (7 handlers)
[GIN-debug] GET    /api/recommend            --> github.com/nowen-video/nowen-video/internal/handler.(*RecommendHandler).GetRecommendations-fm (7 handlers)
[GIN-debug] GET    /api/recommend/similar/:mediaId --> github.com/nowen-video/nowen-video/internal/handler.(*RecommendHandler).GetSimilarMedia-fm (7 handlers)
[GIN-debug] GET    /api/ai/search            --> github.com/nowen-video/nowen-video/internal/handler.(*AIHandler).SmartSearch-fm (7 handlers)
[GIN-debug] GET    /api/cast/devices         --> github.com/nowen-video/nowen-video/internal/handler.(*CastHandler).ListDevices-fm (7 handlers)
[GIN-debug] POST   /api/cast/devices/refresh --> github.com/nowen-video/nowen-video/internal/handler.(*CastHandler).RefreshDevices-fm (7 handlers)
[GIN-debug] POST   /api/cast/start           --> github.com/nowen-video/nowen-video/internal/handler.(*CastHandler).CastMedia-fm (7 handlers)
[GIN-debug] GET    /api/cast/sessions        --> github.com/nowen-video/nowen-video/internal/handler.(*CastHandler).ListSessions-fm (7 handlers)
[GIN-debug] GET    /api/cast/sessions/:sessionId --> github.com/nowen-video/nowen-video/internal/handler.(*CastHandler).GetSession-fm (7 handlers)
[GIN-debug] POST   /api/cast/sessions/:sessionId/control --> github.com/nowen-video/nowen-video/internal/handler.(*CastHandler).ControlCast-fm (7 handlers)
[GIN-debug] DELETE /api/cast/sessions/:sessionId --> github.com/nowen-video/nowen-video/internal/handler.(*CastHandler).StopSession-fm (7 handlers)
[GIN-debug] POST   /api/bookmarks            --> github.com/nowen-video/nowen-video/internal/handler.(*BookmarkHandler).Create-fm (7 handlers)
[GIN-debug] GET    /api/bookmarks            --> github.com/nowen-video/nowen-video/internal/handler.(*BookmarkHandler).ListByUser-fm (7 handlers)
[GIN-debug] GET    /api/bookmarks/media/:mediaId --> github.com/nowen-video/nowen-video/internal/handler.(*BookmarkHandler).ListByMedia-fm (7 handlers)
[GIN-debug] PUT    /api/bookmarks/:id        --> github.com/nowen-video/nowen-video/internal/handler.(*BookmarkHandler).Update-fm (7 handlers)
[GIN-debug] DELETE /api/bookmarks/:id        --> github.com/nowen-video/nowen-video/internal/handler.(*BookmarkHandler).Delete-fm (7 handlers)
[GIN-debug] GET    /api/media/:id/comments   --> github.com/nowen-video/nowen-video/internal/handler.(*CommentHandler).ListByMedia-fm (7 handlers)
[GIN-debug] POST   /api/media/:id/comments   --> github.com/nowen-video/nowen-video/internal/handler.(*CommentHandler).Create-fm (7 handlers)
[GIN-debug] DELETE /api/comments/:id         --> github.com/nowen-video/nowen-video/internal/handler.(*CommentHandler).Delete-fm (7 handlers)
[GIN-debug] POST   /api/stats/playback       --> github.com/nowen-video/nowen-video/internal/handler.(*StatsHandler).RecordPlayback-fm (7 handlers)
[GIN-debug] GET    /api/stats/me             --> github.com/nowen-video/nowen-video/internal/handler.(*StatsHandler).GetUserStats-fm (7 handlers)
[GIN-debug] GET    /api/music/tracks         --> github.com/nowen-video/nowen-video/internal/handler.(*MusicHandler).ListTracks-fm (7 handlers)
[GIN-debug] GET    /api/music/albums         --> github.com/nowen-video/nowen-video/internal/handler.(*MusicHandler).ListAlbums-fm (7 handlers)
[GIN-debug] GET    /api/music/albums/:id     --> github.com/nowen-video/nowen-video/internal/handler.(*MusicHandler).GetAlbum-fm (7 handlers)
[GIN-debug] GET    /api/music/search         --> github.com/nowen-video/nowen-video/internal/handler.(*MusicHandler).SearchMusic-fm (7 handlers)
[GIN-debug] GET    /api/music/tracks/:id/lyrics --> github.com/nowen-video/nowen-video/internal/handler.(*MusicHandler).GetLyrics-fm (7 handlers)
[GIN-debug] POST   /api/music/tracks/:id/love --> github.com/nowen-video/nowen-video/internal/handler.(*MusicHandler).ToggleLove-fm (7 handlers)
[GIN-debug] GET    /api/music/playlists      --> github.com/nowen-video/nowen-video/internal/handler.(*MusicHandler).ListPlaylists-fm (7 handlers)
[GIN-debug] POST   /api/music/playlists      --> github.com/nowen-video/nowen-video/internal/handler.(*MusicHandler).CreatePlaylist-fm (7 handlers)
[GIN-debug] GET    /api/music/playlists/:id  --> github.com/nowen-video/nowen-video/internal/handler.(*MusicHandler).GetPlaylist-fm (7 handlers)
[GIN-debug] POST   /api/music/playlists/:id/tracks --> github.com/nowen-video/nowen-video/internal/handler.(*MusicHandler).AddToPlaylist-fm (7 handlers)
[GIN-debug] GET    /api/photos               --> github.com/nowen-video/nowen-video/internal/handler.(*PhotoHandler).ListPhotos-fm (7 handlers)
[GIN-debug] GET    /api/photos/:id           --> github.com/nowen-video/nowen-video/internal/handler.(*PhotoHandler).GetPhoto-fm (7 handlers)
[GIN-debug] GET    /api/photos/albums        --> github.com/nowen-video/nowen-video/internal/handler.(*PhotoHandler).ListAlbums-fm (7 handlers)
[GIN-debug] POST   /api/photos/albums        --> github.com/nowen-video/nowen-video/internal/handler.(*PhotoHandler).CreateAlbum-fm (7 handlers)
[GIN-debug] POST   /api/photos/albums/:id/photos --> github.com/nowen-video/nowen-video/internal/handler.(*PhotoHandler).AddPhotosToAlbum-fm (7 handlers)
[GIN-debug] POST   /api/photos/:id/favorite  --> github.com/nowen-video/nowen-video/internal/handler.(*PhotoHandler).ToggleFavorite-fm (7 handlers)
[GIN-debug] POST   /api/photos/:id/rating    --> github.com/nowen-video/nowen-video/internal/handler.(*PhotoHandler).SetRating-fm (7 handlers)
[GIN-debug] GET    /api/photos/search        --> github.com/nowen-video/nowen-video/internal/handler.(*PhotoHandler).SearchPhotos-fm (7 handlers)
[GIN-debug] GET    /api/photos/stats         --> github.com/nowen-video/nowen-video/internal/handler.(*PhotoHandler).GetStats-fm (7 handlers)
[GIN-debug] GET    /api/federation/search    --> github.com/nowen-video/nowen-video/internal/handler.(*FederationHandler).SearchSharedMedia-fm (7 handlers)
[GIN-debug] GET    /api/federation/stream/:id --> github.com/nowen-video/nowen-video/internal/handler.(*FederationHandler).GetSharedMediaStream-fm (7 handlers)
[GIN-debug] POST   /api/media/:id/ai/chapters --> github.com/nowen-video/nowen-video/internal/handler.(*AISceneHandler).GenerateChapters-fm (7 handlers)
[GIN-debug] GET    /api/media/:id/chapters   --> github.com/nowen-video/nowen-video/internal/handler.(*AISceneHandler).GetChapters-fm (7 handlers)
[GIN-debug] POST   /api/media/:id/ai/highlights --> github.com/nowen-video/nowen-video/internal/handler.(*AISceneHandler).ExtractHighlights-fm (7 handlers)
[GIN-debug] GET    /api/media/:id/highlights --> github.com/nowen-video/nowen-video/internal/handler.(*AISceneHandler).GetHighlights-fm (7 handlers)
[GIN-debug] POST   /api/media/:id/ai/covers  --> github.com/nowen-video/nowen-video/internal/handler.(*AISceneHandler).GenerateCoverCandidates-fm (7 handlers)
[GIN-debug] GET    /api/media/:id/covers     --> github.com/nowen-video/nowen-video/internal/handler.(*AISceneHandler).GetCoverCandidates-fm (7 handlers)
[GIN-debug] POST   /api/media/:id/covers/:candidateId/select --> github.com/nowen-video/nowen-video/internal/handler.(*AISceneHandler).SelectCover-fm (7 handlers)
[GIN-debug] POST   /api/media/:id/covers/apply --> github.com/nowen-video/nowen-video/internal/handler.(*AISceneHandler).ApplyCover-fm (7 handlers)
[GIN-debug] GET    /api/media/:id/ai/tasks   --> github.com/nowen-video/nowen-video/internal/handler.(*AISceneHandler).GetAnalysisTasks-fm (7 handlers)
[GIN-debug] GET    /api/ai/tasks/:taskId     --> github.com/nowen-video/nowen-video/internal/handler.(*AISceneHandler).GetAnalysisTask-fm (7 handlers)
[GIN-debug] POST   /api/family/groups        --> github.com/nowen-video/nowen-video/internal/handler.(*FamilySocialHandler).CreateGroup-fm (7 handlers)
[GIN-debug] GET    /api/family/groups        --> github.com/nowen-video/nowen-video/internal/handler.(*FamilySocialHandler).ListGroups-fm (7 handlers)
[GIN-debug] POST   /api/family/groups/join   --> github.com/nowen-video/nowen-video/internal/handler.(*FamilySocialHandler).JoinGroup-fm (7 handlers)
[GIN-debug] GET    /api/family/groups/:groupId --> github.com/nowen-video/nowen-video/internal/handler.(*FamilySocialHandler).GetGroup-fm (7 handlers)
[GIN-debug] DELETE /api/family/groups/:groupId --> github.com/nowen-video/nowen-video/internal/handler.(*FamilySocialHandler).DeleteGroup-fm (7 handlers)
[GIN-debug] POST   /api/family/groups/:groupId/leave --> github.com/nowen-video/nowen-video/internal/handler.(*FamilySocialHandler).LeaveGroup-fm (7 handlers)
[GIN-debug] POST   /api/family/groups/:groupId/invite-code --> github.com/nowen-video/nowen-video/internal/handler.(*FamilySocialHandler).RegenerateInviteCode-fm (7 handlers)
[GIN-debug] POST   /api/family/groups/:groupId/share --> github.com/nowen-video/nowen-video/internal/handler.(*FamilySocialHandler).ShareMedia-fm (7 handlers)
[GIN-debug] GET    /api/family/groups/:groupId/shares --> github.com/nowen-video/nowen-video/internal/handler.(*FamilySocialHandler).ListGroupShares-fm (7 handlers)
[GIN-debug] POST   /api/media/:id/like       --> github.com/nowen-video/nowen-video/internal/handler.(*FamilySocialHandler).LikeMedia-fm (7 handlers)
[GIN-debug] DELETE /api/media/:id/like       --> github.com/nowen-video/nowen-video/internal/handler.(*FamilySocialHandler).UnlikeMedia-fm (7 handlers)
[GIN-debug] GET    /api/media/:id/like       --> github.com/nowen-video/nowen-video/internal/handler.(*FamilySocialHandler).GetLikeStatus-fm (7 handlers)
[GIN-debug] POST   /api/family/recommend     --> github.com/nowen-video/nowen-video/internal/handler.(*FamilySocialHandler).RecommendMedia-fm (7 handlers)
[GIN-debug] GET    /api/family/recommendations --> github.com/nowen-video/nowen-video/internal/handler.(*FamilySocialHandler).ListRecommendations-fm (7 handlers)
[GIN-debug] POST   /api/family/recommendations/:recId/read --> github.com/nowen-video/nowen-video/internal/handler.(*FamilySocialHandler).MarkRecommendationRead-fm (7 handlers)
[GIN-debug] GET    /api/family/recommendations/unread --> github.com/nowen-video/nowen-video/internal/handler.(*FamilySocialHandler).GetUnreadCount-fm (7 handlers)
[GIN-debug] GET    /api/live/sources         --> github.com/nowen-video/nowen-video/internal/handler.(*LiveHandler).ListSources-fm (7 handlers)
[GIN-debug] GET    /api/live/sources/:id     --> github.com/nowen-video/nowen-video/internal/handler.(*LiveHandler).GetSource-fm (7 handlers)
[GIN-debug] GET    /api/live/categories      --> github.com/nowen-video/nowen-video/internal/handler.(*LiveHandler).GetCategories-fm (7 handlers)
[GIN-debug] POST   /api/live/recordings      --> github.com/nowen-video/nowen-video/internal/handler.(*LiveHandler).StartRecording-fm (7 handlers)
[GIN-debug] POST   /api/live/recordings/:id/stop --> github.com/nowen-video/nowen-video/internal/handler.(*LiveHandler).StopRecording-fm (7 handlers)
[GIN-debug] GET    /api/live/recordings      --> github.com/nowen-video/nowen-video/internal/handler.(*LiveHandler).ListRecordings-fm (7 handlers)
[GIN-debug] DELETE /api/live/recordings/:id  --> github.com/nowen-video/nowen-video/internal/handler.(*LiveHandler).DeleteRecording-fm (7 handlers)
[GIN-debug] POST   /api/sync/devices         --> github.com/nowen-video/nowen-video/internal/handler.(*CloudSyncHandler).RegisterDevice-fm (7 handlers)
[GIN-debug] GET    /api/sync/devices         --> github.com/nowen-video/nowen-video/internal/handler.(*CloudSyncHandler).ListDevices-fm (7 handlers)
[GIN-debug] DELETE /api/sync/devices/:deviceId --> github.com/nowen-video/nowen-video/internal/handler.(*CloudSyncHandler).UnregisterDevice-fm (7 handlers)
[GIN-debug] POST   /api/sync/data            --> github.com/nowen-video/nowen-video/internal/handler.(*CloudSyncHandler).SyncData-fm (7 handlers)
[GIN-debug] GET    /api/sync/data            --> github.com/nowen-video/nowen-video/internal/handler.(*CloudSyncHandler).PullData-fm (7 handlers)
[GIN-debug] POST   /api/sync/batch           --> github.com/nowen-video/nowen-video/internal/handler.(*CloudSyncHandler).BatchSync-fm (7 handlers)
[GIN-debug] GET    /api/sync/full            --> github.com/nowen-video/nowen-video/internal/handler.(*CloudSyncHandler).FullSync-fm (7 handlers)
[GIN-debug] GET    /api/sync/config          --> github.com/nowen-video/nowen-video/internal/handler.(*CloudSyncHandler).GetSyncConfig-fm (7 handlers)
[GIN-debug] PUT    /api/sync/config          --> github.com/nowen-video/nowen-video/internal/handler.(*CloudSyncHandler).UpdateSyncConfig-fm (7 handlers)
[GIN-debug] GET    /api/sync/export          --> github.com/nowen-video/nowen-video/internal/handler.(*CloudSyncHandler).ExportData-fm (7 handlers)
[GIN-debug] GET    /api/admin/users          --> github.com/nowen-video/nowen-video/internal/handler.(*AdminHandler).ListUsers-fm (8 handlers)
[GIN-debug] DELETE /api/admin/users/:id      --> github.com/nowen-video/nowen-video/internal/handler.(*AdminHandler).DeleteUser-fm (8 handlers)
[GIN-debug] GET    /api/admin/system         --> github.com/nowen-video/nowen-video/internal/handler.(*AdminHandler).SystemInfo-fm (8 handlers)
[GIN-debug] GET    /api/admin/transcode/status --> github.com/nowen-video/nowen-video/internal/handler.(*AdminHandler).TranscodeStatus-fm (8 handlers)
[GIN-debug] POST   /api/admin/transcode/:taskId/cancel --> github.com/nowen-video/nowen-video/internal/handler.(*AdminHandler).CancelTranscode-fm (8 handlers)
[GIN-debug] GET    /api/admin/settings/tmdb  --> github.com/nowen-video/nowen-video/internal/handler.(*AdminHandler).GetTMDbConfig-fm (8 handlers)
[GIN-debug] PUT    /api/admin/settings/tmdb  --> github.com/nowen-video/nowen-video/internal/handler.(*AdminHandler).UpdateTMDbConfig-fm (8 handlers)
[GIN-debug] DELETE /api/admin/settings/tmdb  --> github.com/nowen-video/nowen-video/internal/handler.(*AdminHandler).ClearTMDbConfig-fm (8 handlers)
[GIN-debug] GET    /api/admin/settings/system --> github.com/nowen-video/nowen-video/internal/handler.(*AdminHandler).GetSystemSettings-fm (8 handlers)
[GIN-debug] PUT    /api/admin/settings/system --> github.com/nowen-video/nowen-video/internal/handler.(*AdminHandler).UpdateSystemSettings-fm (8 handlers)
[GIN-debug] GET    /api/admin/metrics        --> github.com/nowen-video/nowen-video/internal/handler.(*AdminHandler).GetMetrics-fm (8 handlers)
[GIN-debug] GET    /api/admin/tasks          --> github.com/nowen-video/nowen-video/internal/handler.(*AdminHandler).ListScheduledTasks-fm (8 handlers)
[GIN-debug] POST   /api/admin/tasks          --> github.com/nowen-video/nowen-video/internal/handler.(*AdminHandler).CreateScheduledTask-fm (8 handlers)
[GIN-debug] PUT    /api/admin/tasks/:id      --> github.com/nowen-video/nowen-video/internal/handler.(*AdminHandler).UpdateScheduledTask-fm (8 handlers)
[GIN-debug] DELETE /api/admin/tasks/:id      --> github.com/nowen-video/nowen-video/internal/handler.(*AdminHandler).DeleteScheduledTask-fm (8 handlers)
[GIN-debug] POST   /api/admin/tasks/:id/run  --> github.com/nowen-video/nowen-video/internal/handler.(*AdminHandler).RunScheduledTaskNow-fm (8 handlers)
[GIN-debug] POST   /api/admin/batch/scan     --> github.com/nowen-video/nowen-video/internal/handler.(*AdminHandler).BatchScan-fm (8 handlers)
[GIN-debug] POST   /api/admin/batch/scrape   --> github.com/nowen-video/nowen-video/internal/handler.(*AdminHandler).BatchScrape-fm (8 handlers)
[GIN-debug] GET    /api/admin/permissions/:userId --> github.com/nowen-video/nowen-video/internal/handler.(*AdminHandler).GetUserPermission-fm (8 handlers)
[GIN-debug] PUT    /api/admin/permissions/:userId --> github.com/nowen-video/nowen-video/internal/handler.(*AdminHandler).UpdateUserPermission-fm (8 handlers)
[GIN-debug] GET    /api/admin/rating/:mediaId --> github.com/nowen-video/nowen-video/internal/handler.(*AdminHandler).GetContentRating-fm (8 handlers)
[GIN-debug] PUT    /api/admin/rating/:mediaId --> github.com/nowen-video/nowen-video/internal/handler.(*AdminHandler).SetContentRating-fm (8 handlers)
[GIN-debug] GET    /api/admin/logs           --> github.com/nowen-video/nowen-video/internal/handler.(*AdminHandler).ListAccessLogs-fm (8 handlers)
[GIN-debug] GET    /api/admin/metadata/search --> github.com/nowen-video/nowen-video/internal/handler.(*AdminHandler).SearchMetadata-fm (8 handlers)
[GIN-debug] POST   /api/admin/media/:mediaId/match --> github.com/nowen-video/nowen-video/internal/handler.(*AdminHandler).MatchMetadata-fm (8 handlers)
[GIN-debug] POST   /api/admin/media/:mediaId/unmatch --> github.com/nowen-video/nowen-video/internal/handler.(*AdminHandler).UnmatchMetadata-fm (8 handlers)
[GIN-debug] PUT    /api/admin/media/:mediaId/metadata --> github.com/nowen-video/nowen-video/internal/handler.(*AdminHandler).UpdateMediaMetadata-fm (8 handlers)
[GIN-debug] DELETE /api/admin/media/:mediaId --> github.com/nowen-video/nowen-video/internal/handler.(*AdminHandler).DeleteMedia-fm (8 handlers)
[GIN-debug] POST   /api/admin/series/:seriesId/match --> github.com/nowen-video/nowen-video/internal/handler.(*AdminHandler).MatchSeriesMetadata-fm (8 handlers)
[GIN-debug] POST   /api/admin/series/:seriesId/unmatch --> github.com/nowen-video/nowen-video/internal/handler.(*AdminHandler).UnmatchSeriesMetadata-fm (8 handlers)
[GIN-debug] POST   /api/admin/series/:seriesId/scrape --> github.com/nowen-video/nowen-video/internal/handler.(*AdminHandler).ScrapeSeriesMetadata-fm (8 handlers)
[GIN-debug] PUT    /api/admin/series/:seriesId/metadata --> github.com/nowen-video/nowen-video/internal/handler.(*AdminHandler).UpdateSeriesMetadata-fm (8 handlers)
[GIN-debug] DELETE /api/admin/series/:seriesId --> github.com/nowen-video/nowen-video/internal/handler.(*AdminHandler).DeleteSeries-fm (8 handlers)
[GIN-debug] GET    /api/admin/images/tmdb    --> github.com/nowen-video/nowen-video/internal/handler.(*AdminHandler).SearchTMDbImages-fm (8 handlers)
[GIN-debug] POST   /api/admin/media/:mediaId/image/upload --> github.com/nowen-video/nowen-video/internal/handler.(*AdminHandler).UploadMediaImage-fm (8 handlers)
[GIN-debug] POST   /api/admin/media/:mediaId/image/url --> github.com/nowen-video/nowen-video/internal/handler.(*AdminHandler).SetMediaImageByURL-fm (8 handlers)
[GIN-debug] POST   /api/admin/media/:mediaId/image/tmdb --> github.com/nowen-video/nowen-video/internal/handler.(*AdminHandler).SetMediaImageFromTMDb-fm (8 handlers)
[GIN-debug] POST   /api/admin/series/:seriesId/image/upload --> github.com/nowen-video/nowen-video/internal/handler.(*AdminHandler).UploadSeriesImage-fm (8 handlers)
[GIN-debug] POST   /api/admin/series/:seriesId/image/url --> github.com/nowen-video/nowen-video/internal/handler.(*AdminHandler).SetSeriesImageByURL-fm (8 handlers)
[GIN-debug] POST   /api/admin/series/:seriesId/image/tmdb --> github.com/nowen-video/nowen-video/internal/handler.(*AdminHandler).SetSeriesImageFromTMDb-fm (8 handlers)
[GIN-debug] GET    /api/admin/fs/browse      --> github.com/nowen-video/nowen-video/internal/handler.(*AdminHandler).BrowseFS-fm (8 handlers)
[GIN-debug] GET    /api/admin/metadata/bangumi/search --> github.com/nowen-video/nowen-video/internal/handler.(*AdminHandler).SearchBangumi-fm (8 handlers)
[GIN-debug] GET    /api/admin/metadata/bangumi/subject/:subjectId --> github.com/nowen-video/nowen-video/internal/handler.(*AdminHandler).GetBangumiSubject-fm (8 handlers)
[GIN-debug] POST   /api/admin/media/:mediaId/match/bangumi --> github.com/nowen-video/nowen-video/internal/handler.(*AdminHandler).MatchMediaBangumi-fm (8 handlers)
[GIN-debug] POST   /api/admin/series/:seriesId/match/bangumi --> github.com/nowen-video/nowen-video/internal/handler.(*AdminHandler).MatchSeriesBangumi-fm (8 handlers)
[GIN-debug] GET    /api/admin/settings/bangumi --> github.com/nowen-video/nowen-video/internal/handler.(*AdminHandler).GetBangumiConfig-fm (8 handlers)
[GIN-debug] PUT    /api/admin/settings/bangumi --> github.com/nowen-video/nowen-video/internal/handler.(*AdminHandler).UpdateBangumiConfig-fm (8 handlers)
[GIN-debug] DELETE /api/admin/settings/bangumi --> github.com/nowen-video/nowen-video/internal/handler.(*AdminHandler).ClearBangumiConfig-fm (8 handlers)
[GIN-debug] GET    /api/admin/metadata/douban/search --> github.com/nowen-video/nowen-video/internal/handler.(*AdminHandler).SearchDouban-fm (8 handlers)
[GIN-debug] POST   /api/admin/media/:mediaId/match/douban --> github.com/nowen-video/nowen-video/internal/handler.(*AdminHandler).MatchMediaDouban-fm (8 handlers)
[GIN-debug] POST   /api/admin/series/:seriesId/match/douban --> github.com/nowen-video/nowen-video/internal/handler.(*AdminHandler).MatchSeriesDouban-fm (8 handlers)
[GIN-debug] GET    /api/admin/metadata/thetvdb/search --> github.com/nowen-video/nowen-video/internal/handler.(*AdminHandler).SearchTheTVDB-fm (8 handlers)
[GIN-debug] POST   /api/admin/series/:seriesId/match/thetvdb --> github.com/nowen-video/nowen-video/internal/handler.(*AdminHandler).MatchSeriesTheTVDB-fm (8 handlers)
[GIN-debug] POST   /api/admin/backup/json    --> github.com/nowen-video/nowen-video/internal/handler.(*BackupHandler).ExportJSON-fm (8 handlers)
[GIN-debug] POST   /api/admin/backup/zip     --> github.com/nowen-video/nowen-video/internal/handler.(*BackupHandler).ExportZIP-fm (8 handlers)
[GIN-debug] POST   /api/admin/backup/import  --> github.com/nowen-video/nowen-video/internal/handler.(*BackupHandler).ImportBackup-fm (8 handlers)
[GIN-debug] GET    /api/admin/backup/list    --> github.com/nowen-video/nowen-video/internal/handler.(*BackupHandler).ListBackups-fm (8 handlers)
[GIN-debug] GET    /api/admin/ai/status      --> github.com/nowen-video/nowen-video/internal/handler.(*AIHandler).GetAIStatus-fm (8 handlers)
[GIN-debug] PUT    /api/admin/ai/config      --> github.com/nowen-video/nowen-video/internal/handler.(*AIHandler).UpdateAIConfig-fm (8 handlers)
[GIN-debug] POST   /api/admin/ai/test        --> github.com/nowen-video/nowen-video/internal/handler.(*AIHandler).TestAIConnection-fm (8 handlers)
[GIN-debug] DELETE /api/admin/ai/cache       --> github.com/nowen-video/nowen-video/internal/handler.(*AIHandler).ClearAICache-fm (8 handlers)
[GIN-debug] GET    /api/admin/ai/cache       --> github.com/nowen-video/nowen-video/internal/handler.(*AIHandler).GetAICacheStats-fm (8 handlers)
[GIN-debug] GET    /api/admin/ai/errors      --> github.com/nowen-video/nowen-video/internal/handler.(*AIHandler).GetAIErrorLogs-fm (8 handlers)
[GIN-debug] POST   /api/admin/ai/test/search --> github.com/nowen-video/nowen-video/internal/handler.(*AIHandler).TestSmartSearch-fm (8 handlers)
[GIN-debug] POST   /api/admin/ai/test/recommend --> github.com/nowen-video/nowen-video/internal/handler.(*AIHandler).TestRecommendReason-fm (8 handlers)
[GIN-debug] GET    /api/admin/stats/:userId  --> github.com/nowen-video/nowen-video/internal/handler.(*StatsHandler).GetUserStatsAdmin-fm (8 handlers)
[GIN-debug] POST   /api/admin/scrape/tasks   --> github.com/nowen-video/nowen-video/internal/handler.(*ScrapeManagerHandler).CreateTask-fm (8 handlers)
[GIN-debug] POST   /api/admin/scrape/tasks/batch --> github.com/nowen-video/nowen-video/internal/handler.(*ScrapeManagerHandler).BatchCreateTasks-fm (8 handlers)
[GIN-debug] GET    /api/admin/scrape/tasks   --> github.com/nowen-video/nowen-video/internal/handler.(*ScrapeManagerHandler).ListTasks-fm (8 handlers)
[GIN-debug] GET    /api/admin/scrape/tasks/:id --> github.com/nowen-video/nowen-video/internal/handler.(*ScrapeManagerHandler).GetTask-fm (8 handlers)
[GIN-debug] PUT    /api/admin/scrape/tasks/:id --> github.com/nowen-video/nowen-video/internal/handler.(*ScrapeManagerHandler).UpdateTask-fm (8 handlers)
[GIN-debug] DELETE /api/admin/scrape/tasks/:id --> github.com/nowen-video/nowen-video/internal/handler.(*ScrapeManagerHandler).DeleteTask-fm (8 handlers)
[GIN-debug] POST   /api/admin/scrape/tasks/:id/scrape --> github.com/nowen-video/nowen-video/internal/handler.(*ScrapeManagerHandler).StartScrape-fm (8 handlers)
[GIN-debug] POST   /api/admin/scrape/tasks/:id/translate --> github.com/nowen-video/nowen-video/internal/handler.(*ScrapeManagerHandler).TranslateTask-fm (8 handlers)
[GIN-debug] POST   /api/admin/scrape/batch/scrape --> github.com/nowen-video/nowen-video/internal/handler.(*ScrapeManagerHandler).BatchStartScrape-fm (8 handlers)
[GIN-debug] POST   /api/admin/scrape/batch/translate --> github.com/nowen-video/nowen-video/internal/handler.(*ScrapeManagerHandler).BatchTranslate-fm (8 handlers)
[GIN-debug] POST   /api/admin/scrape/batch/delete --> github.com/nowen-video/nowen-video/internal/handler.(*ScrapeManagerHandler).BatchDeleteTasks-fm (8 handlers)
[GIN-debug] POST   /api/admin/scrape/export  --> github.com/nowen-video/nowen-video/internal/handler.(*ScrapeManagerHandler).ExportTasks-fm (8 handlers)
[GIN-debug] GET    /api/admin/scrape/statistics --> github.com/nowen-video/nowen-video/internal/handler.(*ScrapeManagerHandler).GetStatistics-fm (8 handlers)
[GIN-debug] GET    /api/admin/scrape/history --> github.com/nowen-video/nowen-video/internal/handler.(*ScrapeManagerHandler).GetHistory-fm (8 handlers)
[GIN-debug] GET    /api/admin/files          --> github.com/nowen-video/nowen-video/internal/handler.(*FileManagerHandler).ListFiles-fm (8 handlers)
[GIN-debug] GET    /api/admin/files/folders  --> github.com/nowen-video/nowen-video/internal/handler.(*FileManagerHandler).GetFolderTree-fm (8 handlers)
[GIN-debug] GET    /api/admin/files/by-folder --> github.com/nowen-video/nowen-video/internal/handler.(*FileManagerHandler).ListFilesByFolder-fm (8 handlers)
[GIN-debug] POST   /api/admin/files/folders/create --> github.com/nowen-video/nowen-video/internal/handler.(*FileManagerHandler).CreateFolder-fm (8 handlers)
[GIN-debug] POST   /api/admin/files/folders/rename --> github.com/nowen-video/nowen-video/internal/handler.(*FileManagerHandler).RenameFolder-fm (8 handlers)
[GIN-debug] POST   /api/admin/files/folders/delete --> github.com/nowen-video/nowen-video/internal/handler.(*FileManagerHandler).DeleteFolder-fm (8 handlers)
[GIN-debug] GET    /api/admin/files/:id      --> github.com/nowen-video/nowen-video/internal/handler.(*FileManagerHandler).GetFileDetail-fm (8 handlers)
[GIN-debug] POST   /api/admin/files/import   --> github.com/nowen-video/nowen-video/internal/handler.(*FileManagerHandler).ImportFile-fm (8 handlers)
[GIN-debug] POST   /api/admin/files/import/batch --> github.com/nowen-video/nowen-video/internal/handler.(*FileManagerHandler).BatchImportFiles-fm (8 handlers)
[GIN-debug] GET    /api/admin/files/scan     --> github.com/nowen-video/nowen-video/internal/handler.(*FileManagerHandler).ScanDirectory-fm (8 handlers)
[GIN-debug] PUT    /api/admin/files/:id      --> github.com/nowen-video/nowen-video/internal/handler.(*FileManagerHandler).UpdateFile-fm (8 handlers)
[GIN-debug] DELETE /api/admin/files/:id      --> github.com/nowen-video/nowen-video/internal/handler.(*FileManagerHandler).DeleteFile-fm (8 handlers)
[GIN-debug] POST   /api/admin/files/batch/delete --> github.com/nowen-video/nowen-video/internal/handler.(*FileManagerHandler).BatchDeleteFiles-fm (8 handlers)
[GIN-debug] POST   /api/admin/files/:id/scrape --> github.com/nowen-video/nowen-video/internal/handler.(*FileManagerHandler).ScrapeFile-fm (8 handlers)
[GIN-debug] POST   /api/admin/files/batch/scrape --> github.com/nowen-video/nowen-video/internal/handler.(*FileManagerHandler).BatchScrapeFiles-fm (8 handlers)
[GIN-debug] POST   /api/admin/files/rename/preview --> github.com/nowen-video/nowen-video/internal/handler.(*FileManagerHandler).PreviewRename-fm (8 handlers)
[GIN-debug] POST   /api/admin/files/rename/execute --> github.com/nowen-video/nowen-video/internal/handler.(*FileManagerHandler).ExecuteRename-fm (8 handlers)
[GIN-debug] POST   /api/admin/files/rename/ai --> github.com/nowen-video/nowen-video/internal/handler.(*FileManagerHandler).AIGenerateRenames-fm (8 handlers)
[GIN-debug] GET    /api/admin/files/rename/templates --> github.com/nowen-video/nowen-video/internal/handler.(*FileManagerHandler).GetRenameTemplates-fm (8 handlers)
[GIN-debug] GET    /api/admin/files/stats    --> github.com/nowen-video/nowen-video/internal/handler.(*FileManagerHandler).GetStats-fm (8 handlers)
[GIN-debug] GET    /api/admin/files/logs     --> github.com/nowen-video/nowen-video/internal/handler.(*FileManagerHandler).GetOperationLogs-fm (8 handlers)
[GIN-debug] POST   /api/admin/assistant/chat --> github.com/nowen-video/nowen-video/internal/handler.(*AIAssistantHandler).Chat-fm (8 handlers)
[GIN-debug] POST   /api/admin/assistant/execute --> github.com/nowen-video/nowen-video/internal/handler.(*AIAssistantHandler).ExecuteAction-fm (8 handlers)
[GIN-debug] POST   /api/admin/assistant/undo/:opId --> github.com/nowen-video/nowen-video/internal/handler.(*AIAssistantHandler).UndoOperation-fm (8 handlers)
[GIN-debug] GET    /api/admin/assistant/session/:sessionId --> github.com/nowen-video/nowen-video/internal/handler.(*AIAssistantHandler).GetSession-fm (8 handlers)
[GIN-debug] DELETE /api/admin/assistant/session/:sessionId --> github.com/nowen-video/nowen-video/internal/handler.(*AIAssistantHandler).DeleteSession-fm (8 handlers)
[GIN-debug] GET    /api/admin/assistant/history --> github.com/nowen-video/nowen-video/internal/handler.(*AIAssistantHandler).GetOperationHistory-fm (8 handlers)
[GIN-debug] GET    /api/admin/assistant/misclassification --> github.com/nowen-video/nowen-video/internal/handler.(*AIAssistantHandler).AnalyzeMisclassification-fm (8 handlers)
[GIN-debug] POST   /api/admin/assistant/reclassify --> github.com/nowen-video/nowen-video/internal/handler.(*AIAssistantHandler).ReclassifyFiles-fm (8 handlers)
[GIN-debug] GET    /api/admin/notification/config --> github.com/nowen-video/nowen-video/internal/handler.(*NotificationHandler).GetConfig-fm (8 handlers)
[GIN-debug] PUT    /api/admin/notification/config --> github.com/nowen-video/nowen-video/internal/handler.(*NotificationHandler).UpdateConfig-fm (8 handlers)
[GIN-debug] POST   /api/admin/notification/test --> github.com/nowen-video/nowen-video/internal/handler.(*NotificationHandler).TestNotification-fm (8 handlers)
[GIN-debug] POST   /api/admin/batch/metadata/media --> github.com/nowen-video/nowen-video/internal/handler.(*BatchMetadataHandler).BatchUpdateMedia-fm (8 handlers)
[GIN-debug] POST   /api/admin/batch/metadata/series --> github.com/nowen-video/nowen-video/internal/handler.(*BatchMetadataHandler).BatchUpdateSeries-fm (8 handlers)
[GIN-debug] POST   /api/admin/import/test    --> github.com/nowen-video/nowen-video/internal/handler.(*BatchMetadataHandler).TestImportConnection-fm (8 handlers)
[GIN-debug] POST   /api/admin/import/libraries --> github.com/nowen-video/nowen-video/internal/handler.(*BatchMetadataHandler).FetchImportLibraries-fm (8 handlers)
[GIN-debug] POST   /api/admin/import/external --> github.com/nowen-video/nowen-video/internal/handler.(*BatchMetadataHandler).ImportFromExternal-fm (8 handlers)
[GIN-debug] GET    /api/admin/export/library --> github.com/nowen-video/nowen-video/internal/handler.(*BatchMetadataHandler).ExportLibrary-fm (8 handlers)
[GIN-debug] POST   /api/admin/import/data    --> github.com/nowen-video/nowen-video/internal/handler.(*BatchMetadataHandler).ImportFromExportData-fm (8 handlers)
[GIN-debug] GET    /api/admin/emby/detect    --> github.com/nowen-video/nowen-video/internal/handler.(*EmbyCompatHandler).DetectEmbyFormat-fm (8 handlers)
[GIN-debug] POST   /api/admin/emby/import    --> github.com/nowen-video/nowen-video/internal/handler.(*EmbyCompatHandler).ImportEmbyLibrary-fm (8 handlers)
[GIN-debug] GET    /api/admin/emby/info      --> github.com/nowen-video/nowen-video/internal/handler.(*EmbyCompatHandler).GetEmbyCompatInfo-fm (8 handlers)
[GIN-debug] GET    /api/admin/emby/nfo/:mediaId --> github.com/nowen-video/nowen-video/internal/handler.(*EmbyCompatHandler).GenerateEmbyNFO-fm (8 handlers)
[GIN-debug] GET    /api/admin/profiles       --> github.com/nowen-video/nowen-video/internal/handler.(*UserProfileHandler).ListProfiles-fm (8 handlers)
[GIN-debug] POST   /api/admin/profiles       --> github.com/nowen-video/nowen-video/internal/handler.(*UserProfileHandler).CreateProfile-fm (8 handlers)
[GIN-debug] GET    /api/admin/profiles/:id   --> github.com/nowen-video/nowen-video/internal/handler.(*UserProfileHandler).GetProfile-fm (8 handlers)
[GIN-debug] PUT    /api/admin/profiles/:id   --> github.com/nowen-video/nowen-video/internal/handler.(*UserProfileHandler).UpdateProfile-fm (8 handlers)
[GIN-debug] DELETE /api/admin/profiles/:id   --> github.com/nowen-video/nowen-video/internal/handler.(*UserProfileHandler).DeleteProfile-fm (8 handlers)
[GIN-debug] POST   /api/admin/profiles/:id/switch --> github.com/nowen-video/nowen-video/internal/handler.(*UserProfileHandler).SwitchProfile-fm (8 handlers)
[GIN-debug] GET    /api/admin/profiles/:id/watch-logs --> github.com/nowen-video/nowen-video/internal/handler.(*UserProfileHandler).GetWatchLogs-fm (8 handlers)
[GIN-debug] GET    /api/admin/profiles/:id/usage --> github.com/nowen-video/nowen-video/internal/handler.(*UserProfileHandler).GetDailyUsage-fm (8 handlers)
[GIN-debug] GET    /api/admin/profiles/:id/stats --> github.com/nowen-video/nowen-video/internal/handler.(*UserProfileHandler).GetProfileStats-fm (8 handlers)
[GIN-debug] POST   /api/admin/downloads      --> github.com/nowen-video/nowen-video/internal/handler.(*OfflineDownloadHandler).CreateDownload-fm (8 handlers)
[GIN-debug] POST   /api/admin/downloads/batch --> github.com/nowen-video/nowen-video/internal/handler.(*OfflineDownloadHandler).BatchDownload-fm (8 handlers)
[GIN-debug] GET    /api/admin/downloads      --> github.com/nowen-video/nowen-video/internal/handler.(*OfflineDownloadHandler).ListDownloads-fm (8 handlers)
[GIN-debug] GET    /api/admin/downloads/queue --> github.com/nowen-video/nowen-video/internal/handler.(*OfflineDownloadHandler).GetQueueInfo-fm (8 handlers)
[GIN-debug] POST   /api/admin/downloads/:id/cancel --> github.com/nowen-video/nowen-video/internal/handler.(*OfflineDownloadHandler).CancelDownload-fm (8 handlers)
[GIN-debug] POST   /api/admin/downloads/:id/pause --> github.com/nowen-video/nowen-video/internal/handler.(*OfflineDownloadHandler).PauseDownload-fm (8 handlers)
[GIN-debug] POST   /api/admin/downloads/:id/resume --> github.com/nowen-video/nowen-video/internal/handler.(*OfflineDownloadHandler).ResumeDownload-fm (8 handlers)
[GIN-debug] DELETE /api/admin/downloads/:id  --> github.com/nowen-video/nowen-video/internal/handler.(*OfflineDownloadHandler).DeleteDownload-fm (8 handlers)
[GIN-debug] GET    /api/admin/abr/status     --> github.com/nowen-video/nowen-video/internal/handler.(*ABRHandler).GetStatus-fm (8 handlers)
[GIN-debug] GET    /api/admin/abr/gpu        --> github.com/nowen-video/nowen-video/internal/handler.(*ABRHandler).GetGPUInfo-fm (8 handlers)
[GIN-debug] DELETE /api/admin/abr/cache      --> github.com/nowen-video/nowen-video/internal/handler.(*ABRHandler).CleanCache-fm (8 handlers)
[GIN-debug] GET    /api/admin/plugins        --> github.com/nowen-video/nowen-video/internal/handler.(*PluginHandler).ListPlugins-fm (8 handlers)
[GIN-debug] GET    /api/admin/plugins/:id    --> github.com/nowen-video/nowen-video/internal/handler.(*PluginHandler).GetPlugin-fm (8 handlers)
[GIN-debug] POST   /api/admin/plugins/:id/enable --> github.com/nowen-video/nowen-video/internal/handler.(*PluginHandler).EnablePlugin-fm (8 handlers)
[GIN-debug] POST   /api/admin/plugins/:id/disable --> github.com/nowen-video/nowen-video/internal/handler.(*PluginHandler).DisablePlugin-fm (8 handlers)
[GIN-debug] DELETE /api/admin/plugins/:id    --> github.com/nowen-video/nowen-video/internal/handler.(*PluginHandler).UninstallPlugin-fm (8 handlers)
[GIN-debug] PUT    /api/admin/plugins/:id/config --> github.com/nowen-video/nowen-video/internal/handler.(*PluginHandler).UpdatePluginConfig-fm (8 handlers)
[GIN-debug] POST   /api/admin/plugins/scan   --> github.com/nowen-video/nowen-video/internal/handler.(*PluginHandler).ScanPlugins-fm (8 handlers)
[GIN-debug] POST   /api/admin/music/scan     --> github.com/nowen-video/nowen-video/internal/handler.(*MusicHandler).ScanLibrary-fm (8 handlers)
[GIN-debug] POST   /api/admin/photos/scan    --> github.com/nowen-video/nowen-video/internal/handler.(*PhotoHandler).ScanLibrary-fm (8 handlers)
[GIN-debug] GET    /api/admin/federation/nodes --> github.com/nowen-video/nowen-video/internal/handler.(*FederationHandler).ListNodes-fm (8 handlers)
[GIN-debug] POST   /api/admin/federation/nodes --> github.com/nowen-video/nowen-video/internal/handler.(*FederationHandler).RegisterNode-fm (8 handlers)
[GIN-debug] DELETE /api/admin/federation/nodes/:id --> github.com/nowen-video/nowen-video/internal/handler.(*FederationHandler).RemoveNode-fm (8 handlers)
[GIN-debug] POST   /api/admin/federation/nodes/:id/sync --> github.com/nowen-video/nowen-video/internal/handler.(*FederationHandler).SyncNode-fm (8 handlers)
[GIN-debug] GET    /api/admin/federation/stats --> github.com/nowen-video/nowen-video/internal/handler.(*FederationHandler).GetStats-fm (8 handlers)
[GIN-debug] GET    /api/admin/federation/sync-tasks --> github.com/nowen-video/nowen-video/internal/handler.(*FederationHandler).GetSyncTasks-fm (8 handlers)
[GIN-debug] GET    /api/admin/pulse/dashboard --> github.com/nowen-video/nowen-video/internal/handler.(*PulseHandler).GetDashboard-fm (8 handlers)
[GIN-debug] GET    /api/admin/pulse/dashboard/trends --> github.com/nowen-video/nowen-video/internal/handler.(*PulseHandler).GetPlayTrends-fm (8 handlers)
[GIN-debug] GET    /api/admin/pulse/dashboard/top-content --> github.com/nowen-video/nowen-video/internal/handler.(*PulseHandler).GetTopContent-fm (8 handlers)
[GIN-debug] GET    /api/admin/pulse/dashboard/top-users --> github.com/nowen-video/nowen-video/internal/handler.(*PulseHandler).GetTopUsers-fm (8 handlers)
[GIN-debug] GET    /api/admin/pulse/dashboard/recent --> github.com/nowen-video/nowen-video/internal/handler.(*PulseHandler).GetRecentPlays-fm (8 handlers)
[GIN-debug] GET    /api/admin/pulse/analytics --> github.com/nowen-video/nowen-video/internal/handler.(*PulseHandler).GetAnalytics-fm (8 handlers)
[GIN-debug] GET    /api/admin/pulse/analytics/hourly --> github.com/nowen-video/nowen-video/internal/handler.(*PulseHandler).GetHourlyDistribution-fm (8 handlers)
[GIN-debug] GET    /api/admin/pulse/analytics/libraries --> github.com/nowen-video/nowen-video/internal/handler.(*PulseHandler).GetLibraryStats-fm (8 handlers)
[GIN-debug] GET    /api/admin/pulse/analytics/growth --> github.com/nowen-video/nowen-video/internal/handler.(*PulseHandler).GetMediaGrowth-fm (8 handlers)
[GIN-debug] GET    /api/admin/live/sources   --> github.com/nowen-video/nowen-video/internal/handler.(*LiveHandler).ListSourcesAdmin-fm (8 handlers)
[GIN-debug] POST   /api/admin/live/sources   --> github.com/nowen-video/nowen-video/internal/handler.(*LiveHandler).AddSource-fm (8 handlers)
[GIN-debug] PUT    /api/admin/live/sources/:id --> github.com/nowen-video/nowen-video/internal/handler.(*LiveHandler).UpdateSource-fm (8 handlers)
[GIN-debug] DELETE /api/admin/live/sources/:id --> github.com/nowen-video/nowen-video/internal/handler.(*LiveHandler).DeleteSource-fm (8 handlers)
[GIN-debug] POST   /api/admin/live/sources/:id/check --> github.com/nowen-video/nowen-video/internal/handler.(*LiveHandler).CheckSource-fm (8 handlers)
[GIN-debug] POST   /api/admin/live/sources/:id/toggle --> github.com/nowen-video/nowen-video/internal/handler.(*LiveHandler).ToggleSourceActive-fm (8 handlers)
[GIN-debug] POST   /api/admin/live/sources/batch-check --> github.com/nowen-video/nowen-video/internal/handler.(*LiveHandler).BatchCheck-fm (8 handlers)
[GIN-debug] POST   /api/admin/live/playlists/import --> github.com/nowen-video/nowen-video/internal/handler.(*LiveHandler).ImportM3U-fm (8 handlers)
[GIN-debug] GET    /api/admin/live/playlists --> github.com/nowen-video/nowen-video/internal/handler.(*LiveHandler).ListPlaylists-fm (8 handlers)
[GIN-debug] DELETE /api/admin/live/playlists/:id --> github.com/nowen-video/nowen-video/internal/handler.(*LiveHandler).DeletePlaylist-fm (8 handlers)
[GIN-debug] GET    /api/federation/health    --> github.com/nowen-video/nowen-video/internal/handler.(*FederationHandler).Health-fm (6 handlers)
[GIN-debug] GET    /api/federation/media     --> github.com/nowen-video/nowen-video/internal/handler.(*FederationHandler).MediaList-fm (6 handlers)
[GIN-debug] GET    /assets/*filepath         --> github.com/gin-gonic/gin.(*RouterGroup).createStaticHandler.func1 (6 handlers)
[GIN-debug] HEAD   /assets/*filepath         --> github.com/gin-gonic/gin.(*RouterGroup).createStaticHandler.func1 (6 handlers)
[GIN] 2026/04/02 - 18:02:18 | 200 |      2.0679ms |             ::1 | GET      "/api/ws?token=eyJhbGciOiJIUzI1NiIsInR5cCI6IkpXVCJ9.eyJ1c2VyX2lkIjoiZjE3OTI2ODMtZGY1Mi00ZGE0LTg3N2EtYmFlM2FjMWI1ZWM3IiwidXNlcm5hbWUiOiJhZG1pbiIsInJvbGUiOiJhZG1pbiIsImV4cCI6MTc3NTcyODc0OSwiaWF0IjoxNzc1MTIzOTQ5fQ.aaMKJlViDM0q35kz2GR17k6Zbl4lJFFmFIfVCpD177U"
[GIN] 2026/04/02 - 18:02:18 | 200 |       515.9µs |             ::1 | GET      "/api/ws?token=eyJhbGciOiJIUzI1NiIsInR5cCI6IkpXVCJ9.eyJ1c2VyX2lkIjoiZjE3OTI2ODMtZGY1Mi00ZGE0LTg3N2EtYmFlM2FjMWI1ZWM3IiwidXNlcm5hbWUiOiJhZG1pbiIsInJvbGUiOiJhZG1pbiIsImV4cCI6MTc3NTcyODc0OSwiaWF0IjoxNzc1MTIzOTQ5fQ.aaMKJlViDM0q35kz2GR17k6Zbl4lJFFmFIfVCpD177U"
[GIN] 2026/04/02 - 18:02:18 | 200 |            0s |             ::1 | GET      "/api/ws?token=eyJhbGciOiJIUzI1NiIsInR5cCI6IkpXVCJ9.eyJ1c2VyX2lkIjoiZjE3OTI2ODMtZGY1Mi00ZGE0LTg3N2EtYmFlM2FjMWI1ZWM3IiwidXNlcm5hbWUiOiJhZG1pbiIsInJvbGUiOiJhZG1pbiIsImV4cCI6MTc3NTcyODc0OSwiaWF0IjoxNzc1MTIzOTQ5fQ.aaMKJlViDM0q35kz2GR17k6Zbl4lJFFmFIfVCpD177U"
[GIN] 2026/04/02 - 18:02:18 | 200 |       708.6µs |             ::1 | GET      "/api/ws?token=eyJhbGciOiJIUzI1NiIsInR5cCI6IkpXVCJ9.eyJ1c2VyX2lkIjoiZjE3OTI2ODMtZGY1Mi00ZGE0LTg3N2EtYmFlM2FjMWI1ZWM3IiwidXNlcm5hbWUiOiJhZG1pbiIsInJvbGUiOiJhZG1pbiIsImV4cCI6MTc3NTcyODc0OSwiaWF0IjoxNzc1MTIzOTQ5fQ.aaMKJlViDM0q35kz2GR17k6Zbl4lJFFmFIfVCpD177U"
[GIN] 2026/04/02 - 18:02:18 | 200 |       523.6µs |             ::1 | GET      "/api/ws?token=eyJhbGciOiJIUzI1NiIsInR5cCI6IkpXVCJ9.eyJ1c2VyX2lkIjoiZjE3OTI2ODMtZGY1Mi00ZGE0LTg3N2EtYmFlM2FjMWI1ZWM3IiwidXNlcm5hbWUiOiJhZG1pbiIsInJvbGUiOiJhZG1pbiIsImV4cCI6MTc3NTcyODc0OSwiaWF0IjoxNzc1MTIzOTQ5fQ.aaMKJlViDM0q35kz2GR17k6Zbl4lJFFmFIfVCpD177U"
